2016-11-30 17:11:10 Error: [Cake\Database\Exception] SQLSTATE[42S02]: Base table or view not found: 1146 Table 'DB_Emergencias_Alpha.volunteer' doesn't exist
Stack Trace:
#0 /home/arturo/Documents/DB/dbd/vendor/cakephp/cakephp/src/Database/Schema/Collection.php(97): Cake\Database\Schema\Collection->_reflect('Column', 'volunteer', Array, Object(Cake\Database\Schema\Table))
#1 /home/arturo/Documents/DB/dbd/vendor/cakephp/cakephp/src/Database/Schema/CachedCollection.php(63): Cake\Database\Schema\Collection->describe('volunteer', Array)
#2 /home/arturo/Documents/DB/dbd/vendor/cakephp/cakephp/src/ORM/Table.php(440): Cake\Database\Schema\CachedCollection->describe('volunteer')
#3 /home/arturo/Documents/DB/dbd/vendor/cakephp/cakephp/src/ORM/Table.php(518): Cake\ORM\Table->schema()
#4 /home/arturo/Documents/DB/dbd/vendor/cakephp/bake/src/Shell/Task/ModelTask.php(210): Cake\ORM\Table->primaryKey()
#5 /home/arturo/Documents/DB/dbd/vendor/cakephp/bake/src/Shell/Task/ModelTask.php(127): Bake\Shell\Task\ModelTask->getAssociations(Object(Cake\ORM\Table))
#6 /home/arturo/Documents/DB/dbd/vendor/cakephp/bake/src/Shell/Task/ModelTask.php(110): Bake\Shell\Task\ModelTask->getTableContext(Object(Cake\ORM\Table), 'volunteer', 'Volunteer')
#7 /home/arturo/Documents/DB/dbd/vendor/cakephp/bake/src/Shell/Task/ModelTask.php(97): Bake\Shell\Task\ModelTask->bake('Volunteer')
#8 [internal function]: Bake\Shell\Task\ModelTask->main('Volunteer')
#9 /home/arturo/Documents/DB/dbd/vendor/cakephp/cakephp/src/Console/Shell.php(466): call_user_func_array(Array, Array)
#10 /home/arturo/Documents/DB/dbd/vendor/cakephp/cakephp/src/Console/Shell.php(459): Cake\Console\Shell->runCommand(Array, false, Array)
#11 /home/arturo/Documents/DB/dbd/vendor/cakephp/cakephp/src/Console/ShellDispatcher.php(227): Cake\Console\Shell->runCommand(Array, true, Array)
#12 /home/arturo/Documents/DB/dbd/vendor/cakephp/cakephp/src/Console/ShellDispatcher.php(182): Cake\Console\ShellDispatcher->_dispatch(Array)
#13 /home/arturo/Documents/DB/dbd/vendor/cakephp/cakephp/src/Console/ShellDispatcher.php(128): Cake\Console\ShellDispatcher->dispatch(Array)
#14 /home/arturo/Documents/DB/dbd/bin/cake.php(34): Cake\Console\ShellDispatcher::run(Array)
#15 {main}


2016-12-09 23:49:03 Error: [Cake\Database\Exception] SQLSTATE[42S02]: Base table or view not found: 1146 Table 'DBDz.emergenciesneed_skills' doesn't exist
Stack Trace:
#0 /home/javier/Desktop/usach/DBDz/vendor/cakephp/cakephp/src/Database/Schema/Collection.php(97): Cake\Database\Schema\Collection->_reflect('Column', 'emergenciesneed...', Array, Object(Cake\Database\Schema\Table))
#1 /home/javier/Desktop/usach/DBDz/vendor/cakephp/cakephp/src/Database/Schema/CachedCollection.php(63): Cake\Database\Schema\Collection->describe('emergenciesneed...', Array)
#2 /home/javier/Desktop/usach/DBDz/vendor/cakephp/cakephp/src/ORM/Table.php(440): Cake\Database\Schema\CachedCollection->describe('emergenciesneed...')
#3 /home/javier/Desktop/usach/DBDz/vendor/cakephp/cakephp/src/ORM/Table.php(518): Cake\ORM\Table->schema()
#4 /home/javier/Desktop/usach/DBDz/vendor/cakephp/bake/src/Shell/Task/ModelTask.php(210): Cake\ORM\Table->primaryKey()
#5 /home/javier/Desktop/usach/DBDz/vendor/cakephp/bake/src/Shell/Task/ModelTask.php(127): Bake\Shell\Task\ModelTask->getAssociations(Object(Cake\ORM\Table))
#6 /home/javier/Desktop/usach/DBDz/vendor/cakephp/bake/src/Shell/Task/ModelTask.php(110): Bake\Shell\Task\ModelTask->getTableContext(Object(Cake\ORM\Table), 'emergenciesneed...', 'Emergenciesneed...')
#7 /home/javier/Desktop/usach/DBDz/vendor/cakephp/bake/src/Shell/Task/ModelTask.php(97): Bake\Shell\Task\ModelTask->bake('Emergenciesneed...')
#8 [internal function]: Bake\Shell\Task\ModelTask->main('Emergenciesneed...')
#9 /home/javier/Desktop/usach/DBDz/vendor/cakephp/cakephp/src/Console/Shell.php(466): call_user_func_array(Array, Array)
#10 /home/javier/Desktop/usach/DBDz/vendor/cakephp/cakephp/src/Console/Shell.php(459): Cake\Console\Shell->runCommand(Array, false, Array)
#11 /home/javier/Desktop/usach/DBDz/vendor/cakephp/cakephp/src/Console/ShellDispatcher.php(227): Cake\Console\Shell->runCommand(Array, true, Array)
#12 /home/javier/Desktop/usach/DBDz/vendor/cakephp/cakephp/src/Console/ShellDispatcher.php(182): Cake\Console\ShellDispatcher->_dispatch(Array)
#13 /home/javier/Desktop/usach/DBDz/vendor/cakephp/cakephp/src/Console/ShellDispatcher.php(128): Cake\Console\ShellDispatcher->dispatch(Array)
#14 /home/javier/Desktop/usach/DBDz/bin/cake.php(34): Cake\Console\ShellDispatcher::run(Array)
#15 {main}


